[0503/185617.383:ERROR:process_reader_win.cc(123)] NtOpenThread: {Access Denied} A process has requested access to an object, but has not been granted those access rights. (0xc0000022)
[0503/185626.507:ERROR:process_reader_win.cc(123)] NtOpenThread: {Access Denied} A process has requested access to an object, but has not been granted those access rights. (0xc0000022)
[0503/185631.271:ERROR:process_reader_win.cc(123)] NtOpenThread: {Access Denied} A process has requested access to an object, but has not been granted those access rights. (0xc0000022)
[0503/185934.412:ERROR:process_reader_win.cc(123)] NtOpenThread: {Access Denied} A process has requested access to an object, but has not been granted those access rights. (0xc0000022)
[0503/185937.869:ERROR:process_reader_win.cc(123)] NtOpenThread: {Access Denied} A process has requested access to an object, but has not been granted those access rights. (0xc0000022)
[0503/185949.246:ERROR:process_reader_win.cc(123)] NtOpenThread: {Access Denied} A process has requested access to an object, but has not been granted those access rights. (0xc0000022)
[0503/190357.090:ERROR:process_reader_win.cc(123)] NtOpenThread: {Access Denied} A process has requested access to an object, but has not been granted those access rights. (0xc0000022)
[0503/190400.472:ERROR:process_reader_win.cc(123)] NtOpenThread: {Access Denied} A process has requested access to an object, but has not been granted those access rights. (0xc0000022)
[0503/190403.913:ERROR:process_reader_win.cc(123)] NtOpenThread: {Access Denied} A process has requested access to an object, but has not been granted those access rights. (0xc0000022)
[0503/190407.923:ERROR:process_reader_win.cc(123)] NtOpenThread: {Access Denied} A process has requested access to an object, but has not been granted those access rights. (0xc0000022)
[0503/190423.934:ERROR:process_reader_win.cc(182)] ResumeThread: The parameter is incorrect. (0x57)
[0503/190423.941:ERROR:process_reader_win.cc(151)] SuspendThread: Access is denied. (0x5)
[0503/190423.941:ERROR:process_reader_win.cc(151)] SuspendThread: Access is denied. (0x5)
[0503/190423.941:ERROR:process_reader_win.cc(151)] SuspendThread: Access is denied. (0x5)
[0503/190423.941:ERROR:process_reader_win.cc(151)] SuspendThread: Access is denied. (0x5)
[0503/190423.941:ERROR:process_reader_win.cc(151)] SuspendThread: Access is denied. (0x5)
[0503/190423.941:ERROR:process_reader_win.cc(151)] SuspendThread: Access is denied. (0x5)
[0503/190423.942:ERROR:process_reader_win.cc(151)] SuspendThread: Access is denied. (0x5)
[0503/190423.978:ERROR:process_memory_win.cc(73)] ReadMemory at 0x7d0000 of 64 bytes failed: Only part of a ReadProcessMemory or WriteProcessMemory request was completed. (0x12B)
[0503/190423.978:WARNING:pe_image_reader.cc(340)] could not read dos header from C:\Program Files (x86)\Google\Chrome\Application\chrome.exe
[0503/190423.981:ERROR:process_memory_win.cc(73)] ReadMemory at 0x7d0000 of 64 bytes failed: Only part of a ReadProcessMemory or WriteProcessMemory request was completed. (0x12B)
[0503/190423.982:WARNING:pe_image_reader.cc(340)] could not read dos header from C:\Program Files (x86)\Google\Chrome\Application\chrome.exe
[0503/190423.982:ERROR:process_memory_win.cc(73)] ReadMemory at 0x7d0000 of 64 bytes failed: Only part of a ReadProcessMemory or WriteProcessMemory request was completed. (0x12B)
[0503/190423.982:WARNING:pe_image_reader.cc(340)] could not read dos header from C:\Program Files (x86)\Google\Chrome\Application\chrome.exe
[0503/190423.986:ERROR:process_memory_win.cc(73)] ReadMemory at 0x55b6718 of 44 bytes failed: Only part of a ReadProcessMemory or WriteProcessMemory request was completed. (0x12B)
[0503/190423.986:WARNING:pe_image_annotations_reader.cc(134)] could not read annotations list object in C:\Program Files (x86)\Google\Chrome\Application\81.0.4044.129\chrome.dll
[0503/190424.107:ERROR:process_memory_win.cc(73)] ReadMemory at 0x7d0000 of 64 bytes failed: Only part of a ReadProcessMemory or WriteProcessMemory request was completed. (0x12B)
[0503/190424.108:WARNING:pe_image_reader.cc(340)] could not read dos header from C:\Program Files (x86)\Google\Chrome\Application\chrome.exe
[0503/190424.108:ERROR:process_memory_win.cc(73)] ReadMemory at 0x774e0000 of 64 bytes failed: Only part of a ReadProcessMemory or WriteProcessMemory request was completed. (0x12B)
[0503/190424.108:WARNING:pe_image_reader.cc(340)] could not read dos header from C:\WINDOWS\SYSTEM32\ntdll.dll
[0503/190424.108:ERROR:process_memory_win.cc(73)] ReadMemory at 0x751a0000 of 64 bytes failed: Only part of a ReadProcessMemory or WriteProcessMemory request was completed. (0x12B)
[0503/190424.108:WARNING:pe_image_reader.cc(340)] could not read dos header from C:\WINDOWS\System32\KERNEL32.DLL
[0503/190424.108:ERROR:process_memory_win.cc(73)] ReadMemory at 0x74cd0000 of 64 bytes failed: Only part of a ReadProcessMemory or WriteProcessMemory request was completed. (0x12B)
[0503/190424.108:WARNING:pe_image_reader.cc(340)] could not read dos header from C:\WINDOWS\System32\KERNELBASE.dll
[0503/190424.109:ERROR:process_memory_win.cc(73)] ReadMemory at 0x74b80000 of 64 bytes failed: Only part of a ReadProcessMemory or WriteProcessMemory request was completed. (0x12B)
[0503/190424.109:WARNING:pe_image_reader.cc(340)] could not read dos header from C:\WINDOWS\System32\SYSFER.DLL
[0503/190424.109:ERROR:process_memory_win.cc(73)] ReadMemory at 0x547d0000 of 64 bytes failed: Only part of a ReadProcessMemory or WriteProcessMemory request was completed. (0x12B)
[0503/190424.109:WARNING:pe_image_reader.cc(340)] could not read dos header from C:\Program Files (x86)\Google\Chrome\Application\81.0.4044.129\chrome_elf.dll
[0503/190424.109:ERROR:process_memory_win.cc(73)] ReadMemory at 0x74b70000 of 64 bytes failed: Only part of a ReadProcessMemory or WriteProcessMemory request was completed. (0x12B)
[0503/190424.109:WARNING:pe_image_reader.cc(340)] could not read dos header from C:\WINDOWS\SYSTEM32\VERSION.dll
[0503/190424.109:ERROR:process_memory_win.cc(73)] ReadMemory at 0x75650000 of 64 bytes failed: Only part of a ReadProcessMemory or WriteProcessMemory request was completed. (0x12B)
[0503/190424.109:WARNING:pe_image_reader.cc(340)] could not read dos header from C:\WINDOWS\System32\msvcrt.dll
[0503/190424.109:ERROR:process_memory_win.cc(73)] ReadMemory at 0x68000000 of 64 bytes failed: Only part of a ReadProcessMemory or WriteProcessMemory request was completed. (0x12B)
[0503/190424.110:WARNING:pe_image_reader.cc(340)] could not read dos header from C:\WINDOWS\System32\QIPCAP.dll
[0503/190424.110:ERROR:process_memory_win.cc(73)] ReadMemory at 0x76670000 of 64 bytes failed: Only part of a ReadProcessMemory or WriteProcessMemory request was completed. (0x12B)
[0503/190424.110:WARNING:pe_image_reader.cc(340)] could not read dos header from C:\WINDOWS\System32\ADVAPI32.dll
[0503/190424.110:ERROR:process_memory_win.cc(73)] ReadMemory at 0x765f0000 of 64 bytes failed: Only part of a ReadProcessMemory or WriteProcessMemory request was completed. (0x12B)
[0503/190424.111:WARNING:pe_image_reader.cc(340)] could not read dos header from C:\WINDOWS\System32\sechost.dll
[0503/190424.111:ERROR:process_memory_win.cc(73)] ReadMemory at 0x77410000 of 64 bytes failed: Only part of a ReadProcessMemory or WriteProcessMemory request was completed. (0x12B)
[0503/190424.111:WARNING:pe_image_reader.cc(340)] could not read dos header from C:\WINDOWS\System32\RPCRT4.dll
[0503/190424.111:ERROR:process_memory_win.cc(73)] ReadMemory at 0x74cb0000 of 64 bytes failed: Only part of a ReadProcessMemory or WriteProcessMemory request was completed. (0x12B)
[0503/190424.111:WARNING:pe_image_reader.cc(340)] could not read dos header from C:\WINDOWS\System32\SspiCli.dll
[0503/190424.111:ERROR:process_memory_win.cc(73)] ReadMemory at 0x74ca0000 of 64 bytes failed: Only part of a ReadProcessMemory or WriteProcessMemory request was completed. (0x12B)
[0503/190424.111:WARNING:pe_image_reader.cc(340)] could not read dos header from C:\WINDOWS\System32\CRYPTBASE.dll
[0503/190424.111:ERROR:process_memory_win.cc(73)] ReadMemory at 0x75310000 of 64 bytes failed: Only part of a ReadProcessMemory or WriteProcessMemory request was completed. (0x12B)
[0503/190424.111:WARNING:pe_image_reader.cc(340)] could not read dos header from C:\WINDOWS\System32\bcryptPrimitives.dll
[0503/190424.112:ERROR:process_memory_win.cc(73)] ReadMemory at 0x75ba0000 of 64 bytes failed: Only part of a ReadProcessMemory or WriteProcessMemory request was completed. (0x12B)
[0503/190424.112:WARNING:pe_image_reader.cc(340)] could not read dos header from C:\WINDOWS\System32\SHELL32.dll
[0503/190424.112:ERROR:process_memory_win.cc(73)] ReadMemory at 0x76710000 of 64 bytes failed: Only part of a ReadProcessMemory or WriteProcessMemory request was completed. (0x12B)
[0503/190424.112:WARNING:pe_image_reader.cc(340)] could not read dos header from C:\WINDOWS\System32\ucrtbase.dll
[0503/190424.112:ERROR:process_memory_win.cc(73)] ReadMemory at 0x76320000 of 64 bytes failed: Only part of a ReadProcessMemory or WriteProcessMemory request was completed. (0x12B)
[0503/190424.112:WARNING:pe_image_reader.cc(340)] could not read dos header from C:\WINDOWS\System32\cfgmgr32.dll
[0503/190424.112:ERROR:process_memory_win.cc(73)] ReadMemory at 0x75280000 of 64 bytes failed: Only part of a ReadProcessMemory or WriteProcessMemory request was completed. (0x12B)
[0503/190424.112:WARNING:pe_image_reader.cc(340)] could not read dos header from C:\WINDOWS\System32\shcore.dll
[0503/190424.112:ERROR:process_memory_win.cc(73)] ReadMemory at 0x753d0000 of 64 bytes failed: Only part of a ReadProcessMemory or WriteProcessMemory request was completed. (0x12B)
[0503/190424.112:WARNING:pe_image_reader.cc(340)] could not read dos header from C:\WINDOWS\System32\combase.dll
[0503/190424.112:ERROR:process_memory_win.cc(73)] ReadMemory at 0x76c90000 of 64 bytes failed: Only part of a ReadProcessMemory or WriteProcessMemory request was completed. (0x12B)
[0503/190424.112:WARNING:pe_image_reader.cc(340)] could not read dos header from C:\WINDOWS\System32\windows.storage.dll
[0503/190424.113:ERROR:process_memory_win.cc(73)] ReadMemory at 0x76830000 of 64 bytes failed: Only part of a ReadProcessMemory or WriteProcessMemory request was completed. (0x12B)
[0503/190424.113:WARNING:pe_image_reader.cc(340)] could not read dos header from C:\WINDOWS\System32\msvcp_win.dll
[0503/190424.113:ERROR:process_memory_win.cc(73)] ReadMemory at 0x762a0000 of 64 bytes failed: Only part of a ReadProcessMemory or WriteProcessMemory request was completed. (0x12B)
[0503/190424.113:WARNING:pe_image_reader.cc(340)] could not read dos header from C:\WINDOWS\System32\profapi.dll
[0503/190424.113:ERROR:process_memory_win.cc(73)] ReadMemory at 0x74f20000 of 64 bytes failed: Only part of a ReadProcessMemory or WriteProcessMemory request was completed. (0x12B)
[0503/190424.113:WARNING:pe_image_reader.cc(340)] could not read dos header from C:\WINDOWS\System32\powrprof.dll
[0503/190424.113:ERROR:process_memory_win.cc(73)] ReadMemory at 0x75b60000 of 64 bytes failed: Only part of a ReadProcessMemory or WriteProcessMemory request was completed. (0x12B)
[0503/190424.113:WARNING:pe_image_reader.cc(340)] could not read dos header from C:\WINDOWS\System32\UMPDC.dll
[0503/190424.113:ERROR:process_memory_win.cc(73)] ReadMemory at 0x74ed0000 of 64 bytes failed: Only part of a ReadProcessMemory or WriteProcessMemory request was completed. (0x12B)
[0503/190424.113:WARNING:pe_image_reader.cc(340)] could not read dos header from C:\WINDOWS\System32\shlwapi.dll
[0503/190424.113:ERROR:process_memory_win.cc(73)] ReadMemory at 0x75040000 of 64 bytes failed: Only part of a ReadProcessMemory or WriteProcessMemory request was completed. (0x12B)
[0503/190424.113:WARNING:pe_image_reader.cc(340)] could not read dos header from C:\WINDOWS\System32\GDI32.dll
[0503/190424.114:ERROR:process_memory_win.cc(73)] ReadMemory at 0x76c70000 of 64 bytes failed: Only part of a ReadProcessMemory or WriteProcessMemory request was completed. (0x12B)
[0503/190424.114:WARNING:pe_image_reader.cc(340)] could not read dos header from C:\WINDOWS\System32\win32u.dll
[0503/190424.114:ERROR:process_memory_win.cc(73)] ReadMemory at 0x77260000 of 64 bytes failed: Only part of a ReadProcessMemory or WriteProcessMemory request was completed. (0x12B)
[0503/190424.114:WARNING:pe_image_reader.cc(340)] could not read dos header from C:\WINDOWS\System32\gdi32full.dll
[0503/190424.114:ERROR:process_memory_win.cc(73)] ReadMemory at 0x76ab0000 of 64 bytes failed: Only part of a ReadProcessMemory or WriteProcessMemory request was completed. (0x12B)
[0503/190424.114:WARNING:pe_image_reader.cc(340)] could not read dos header from C:\WINDOWS\System32\USER32.dll
[0503/190424.114:ERROR:process_memory_win.cc(73)] ReadMemory at 0x75070000 of 64 bytes failed: Only part of a ReadProcessMemory or WriteProcessMemory request was completed. (0x12B)
[0503/190424.114:WARNING:pe_image_reader.cc(340)] could not read dos header from C:\WINDOWS\System32\kernel.appcore.dll
[0503/190424.114:ERROR:process_memory_win.cc(73)] ReadMemory at 0x76c50000 of 64 bytes failed: Only part of a ReadProcessMemory or WriteProcessMemory request was completed. (0x12B)
[0503/190424.114:WARNING:pe_image_reader.cc(340)] could not read dos header from C:\WINDOWS\System32\cryptsp.dll
[0503/190424.114:ERROR:process_memory_win.cc(73)] ReadMemory at 0x74390000 of 64 bytes failed: Only part of a ReadProcessMemory or WriteProcessMemory request was completed. (0x12B)
[0503/190424.114:WARNING:pe_image_reader.cc(340)] could not read dos header from C:\WINDOWS\SYSTEM32\DNSAPI.dll
[0503/190424.115:ERROR:process_memory_win.cc(73)] ReadMemory at 0x762c0000 of 64 bytes failed: Only part of a ReadProcessMemory or WriteProcessMemory request was completed. (0x12B)
[0503/190424.115:WARNING:pe_image_reader.cc(340)] could not read dos header from C:\WINDOWS\System32\WS2_32.dll
[0503/190424.115:ERROR:process_memory_win.cc(73)] ReadMemory at 0x74f80000 of 64 bytes failed: Only part of a ReadProcessMemory or WriteProcessMemory request was completed. (0x12B)
[0503/190424.115:WARNING:pe_image_reader.cc(340)] could not read dos header from C:\WINDOWS\System32\NSI.dll
[0503/190424.115:ERROR:process_memory_win.cc(73)] ReadMemory at 0x75b70000 of 64 bytes failed: Only part of a ReadProcessMemory or WriteProcessMemory request was completed. (0x12B)
[0503/190424.115:WARNING:pe_image_reader.cc(340)] could not read dos header from C:\WINDOWS\System32\IMM32.DLL
[0503/190424.115:ERROR:process_memory_win.cc(73)] ReadMemory at 0x74610000 of 64 bytes failed: Only part of a ReadProcessMemory or WriteProcessMemory request was completed. (0x12B)
[0503/190424.115:WARNING:pe_image_reader.cc(340)] could not read dos header from C:\WINDOWS\SYSTEM32\IPHLPAPI.DLL
[0503/190424.115:ERROR:process_memory_win.cc(73)] ReadMemory at 0xf3d0000 of 64 bytes failed: Only part of a ReadProcessMemory or WriteProcessMemory request was completed. (0x12B)
[0503/190424.115:WARNING:pe_image_reader.cc(340)] could not read dos header from C:\Program Files (x86)\Google\Chrome\Application\81.0.4044.129\chrome.dll
[0503/190424.115:ERROR:process_memory_win.cc(73)] ReadMemory at 0x761a0000 of 64 bytes failed: Only part of a ReadProcessMemory or WriteProcessMemory request was completed. (0x12B)
[0503/190424.115:WARNING:pe_image_reader.cc(340)] could not read dos header from C:\WINDOWS\System32\OLEAUT32.dll
[0503/190424.116:ERROR:process_memory_win.cc(73)] ReadMemory at 0x773c0000 of 64 bytes failed: Only part of a ReadProcessMemory or WriteProcessMemory request was completed. (0x12B)
[0503/190424.116:WARNING:pe_image_reader.cc(340)] could not read dos header from C:\WINDOWS\System32\WINTRUST.dll
[0503/190424.116:ERROR:process_memory_win.cc(73)] ReadMemory at 0x76360000 of 64 bytes failed: Only part of a ReadProcessMemory or WriteProcessMemory request was completed. (0x12B)
[0503/190424.116:WARNING:pe_image_reader.cc(340)] could not read dos header from C:\WINDOWS\System32\MSASN1.dll
[0503/190424.116:ERROR:process_memory_win.cc(73)] ReadMemory at 0x76490000 of 64 bytes failed: Only part of a ReadProcessMemory or WriteProcessMemory request was completed. (0x12B)
[0503/190424.116:WARNING:pe_image_reader.cc(340)] could not read dos header from C:\WINDOWS\System32\CRYPT32.dll
[0503/190424.116:ERROR:process_memory_win.cc(73)] ReadMemory at 0x74650000 of 64 bytes failed: Only part of a ReadProcessMemory or WriteProcessMemory request was completed. (0x12B)
[0503/190424.116:WARNING:pe_image_reader.cc(340)] could not read dos header from C:\WINDOWS\SYSTEM32\WINMM.dll
[0503/190424.116:ERROR:process_memory_win.cc(73)] ReadMemory at 0x74ac0000 of 64 bytes failed: Only part of a ReadProcessMemory or WriteProcessMemory request was completed. (0x12B)
[0503/190424.116:WARNING:pe_image_reader.cc(340)] could not read dos header from C:\WINDOWS\SYSTEM32\Secur32.dll
[0503/190424.116:ERROR:process_memory_win.cc(73)] ReadMemory at 0x747e0000 of 64 bytes failed: Only part of a ReadProcessMemory or WriteProcessMemory request was completed. (0x12B)
[0503/190424.117:WARNING:pe_image_reader.cc(340)] could not read dos header from C:\WINDOWS\SYSTEM32\USERENV.dll
[0503/190424.117:ERROR:process_memory_win.cc(73)] ReadMemory at 0x59a20000 of 64 bytes failed: Only part of a ReadProcessMemory or WriteProcessMemory request was completed. (0x12B)
[0503/190424.117:WARNING:pe_image_reader.cc(340)] could not read dos header from C:\WINDOWS\SYSTEM32\UIAutomationCore.DLL
[0503/190424.117:ERROR:process_memory_win.cc(73)] ReadMemory at 0x62240000 of 64 bytes failed: Only part of a ReadProcessMemory or WriteProcessMemory request was completed. (0x12B)
[0503/190424.117:WARNING:pe_image_reader.cc(340)] could not read dos header from C:\WINDOWS\SYSTEM32\DWrite.dll
[0503/190424.117:ERROR:process_memory_win.cc(73)] ReadMemory at 0x6a0f0000 of 64 bytes failed: Only part of a ReadProcessMemory or WriteProcessMemory request was completed. (0x12B)
[0503/190424.118:WARNING:pe_image_reader.cc(340)] could not read dos header from C:\WINDOWS\SYSTEM32\WINSPOOL.DRV
[0503/190424.118:ERROR:process_memory_win.cc(73)] ReadMemory at 0x75180000 of 64 bytes failed: Only part of a ReadProcessMemory or WriteProcessMemory request was completed. (0x12B)
[0503/190424.118:WARNING:pe_image_reader.cc(340)] could not read dos header from C:\WINDOWS\System32\bcrypt.dll
[0503/190424.118:ERROR:process_memory_win.cc(73)] ReadMemory at 0x73710000 of 64 bytes failed: Only part of a ReadProcessMemory or WriteProcessMemory request was completed. (0x12B)
[0503/190424.118:WARNING:pe_image_reader.cc(340)] could not read dos header from C:\WINDOWS\SYSTEM32\dbghelp.dll
[0503/190424.118:ERROR:process_memory_win.cc(73)] ReadMemory at 0x72890000 of 64 bytes failed: Only part of a ReadProcessMemory or WriteProcessMemory request was completed. (0x12B)
[0503/190424.118:WARNING:pe_image_reader.cc(340)] could not read dos header from C:\WINDOWS\SYSTEM32\WINHTTP.dll
[0503/190424.119:ERROR:process_memory_win.cc(73)] ReadMemory at 0x735c0000 of 64 bytes failed: Only part of a ReadProcessMemory or WriteProcessMemory request was completed. (0x12B)
[0503/190424.119:WARNING:pe_image_reader.cc(340)] could not read dos header from C:\WINDOWS\SYSTEM32\dhcpcsvc.DLL
[0503/190424.119:ERROR:process_memory_win.cc(73)] ReadMemory at 0x74430000 of 64 bytes failed: Only part of a ReadProcessMemory or WriteProcessMemory request was completed. (0x12B)
[0503/190424.119:WARNING:pe_image_reader.cc(340)] could not read dos header from C:\WINDOWS\SYSTEM32\WINMMBASE.dll
[0503/190424.119:ERROR:process_memory_win.cc(73)] ReadMemory at 0x6a020000 of 64 bytes failed: Only part of a ReadProcessMemory or WriteProcessMemory request was completed. (0x12B)
[0503/190424.119:WARNING:pe_image_reader.cc(340)] could not read dos header from C:\WINDOWS\SYSTEM32\PROPSYS.dll
[0503/190424.174:ERROR:process_memory_win.cc(73)] ReadMemory at 0x5178000 of 32768 bytes failed: Only part of a ReadProcessMemory or WriteProcessMemory request was completed. (0x12B)
[0503/190424.174:ERROR:process_memory_win.cc(73)] ReadMemory at 0x6e3e000 of 8192 bytes failed: Only part of a ReadProcessMemory or WriteProcessMemory request was completed. (0x12B)
[0503/190424.174:ERROR:process_memory_win.cc(73)] ReadMemory at 0x6f7b000 of 20480 bytes failed: Only part of a ReadProcessMemory or WriteProcessMemory request was completed. (0x12B)
[0503/190424.174:ERROR:process_memory_win.cc(73)] ReadMemory at 0x70be000 of 8192 bytes failed: Only part of a ReadProcessMemory or WriteProcessMemory request was completed. (0x12B)
[0503/190424.175:ERROR:process_memory_win.cc(73)] ReadMemory at 0x71fd000 of 12288 bytes failed: Only part of a ReadProcessMemory or WriteProcessMemory request was completed. (0x12B)
[0503/190424.175:ERROR:process_memory_win.cc(73)] ReadMemory at 0x73bf000 of 4096 bytes failed: Only part of a ReadProcessMemory or WriteProcessMemory request was completed. (0x12B)
[0503/190424.175:ERROR:process_memory_win.cc(73)] ReadMemory at 0x74fe000 of 8192 bytes failed: Only part of a ReadProcessMemory or WriteProcessMemory request was completed. (0x12B)
[0503/190424.175:ERROR:process_memory_win.cc(73)] ReadMemory at 0x763c000 of 16384 bytes failed: Only part of a ReadProcessMemory or WriteProcessMemory request was completed. (0x12B)
[0503/190424.176:ERROR:process_memory_win.cc(73)] ReadMemory at 0x80be000 of 8192 bytes failed: Only part of a ReadProcessMemory or WriteProcessMemory request was completed. (0x12B)
[0503/190424.179:ERROR:process_memory_win.cc(73)] ReadMemory at 0x81fc000 of 16384 bytes failed: Only part of a ReadProcessMemory or WriteProcessMemory request was completed. (0x12B)
[0503/190424.179:ERROR:process_memory_win.cc(73)] ReadMemory at 0x7abc000 of 16384 bytes failed: Only part of a ReadProcessMemory or WriteProcessMemory request was completed. (0x12B)
[0503/190424.179:ERROR:process_memory_win.cc(73)] ReadMemory at 0x7bfd000 of 12288 bytes failed: Only part of a ReadProcessMemory or WriteProcessMemory request was completed. (0x12B)
[0503/190424.179:ERROR:process_memory_win.cc(73)] ReadMemory at 0x7d3c000 of 16384 bytes failed: Only part of a ReadProcessMemory or WriteProcessMemory request was completed. (0x12B)
[0503/190424.180:ERROR:process_memory_win.cc(73)] ReadMemory at 0x4e2ff80 of 688 bytes failed: Only part of a ReadProcessMemory or WriteProcessMemory request was completed. (0x12B)
[0503/190424.180:ERROR:process_memory_win.cc(73)] ReadMemory at 0x4e33000 of 3992 bytes failed: Only part of a ReadProcessMemory or WriteProcessMemory request was completed. (0x12B)
[0503/190424.180:ERROR:process_memory_win.cc(73)] ReadMemory at 0x4e39000 of 3992 bytes failed: Only part of a ReadProcessMemory or WriteProcessMemory request was completed. (0x12B)
[0503/190424.181:ERROR:process_memory_win.cc(73)] ReadMemory at 0x4e3c000 of 3992 bytes failed: Only part of a ReadProcessMemory or WriteProcessMemory request was completed. (0x12B)
[0503/190424.181:ERROR:process_memory_win.cc(73)] ReadMemory at 0x4e3f000 of 3992 bytes failed: Only part of a ReadProcessMemory or WriteProcessMemory request was completed. (0x12B)
[0503/190424.181:ERROR:process_memory_win.cc(73)] ReadMemory at 0x4e42000 of 3992 bytes failed: Only part of a ReadProcessMemory or WriteProcessMemory request was completed. (0x12B)
[0503/190424.181:ERROR:process_memory_win.cc(73)] ReadMemory at 0x4e45000 of 3992 bytes failed: Only part of a ReadProcessMemory or WriteProcessMemory request was completed. (0x12B)
[0503/190424.182:ERROR:process_memory_win.cc(73)] ReadMemory at 0x4e48000 of 3992 bytes failed: Only part of a ReadProcessMemory or WriteProcessMemory request was completed. (0x12B)
[0503/190424.182:ERROR:process_memory_win.cc(73)] ReadMemory at 0x4e4b000 of 3992 bytes failed: Only part of a ReadProcessMemory or WriteProcessMemory request was completed. (0x12B)
[0503/190424.182:ERROR:process_memory_win.cc(73)] ReadMemory at 0x4e51000 of 3992 bytes failed: Only part of a ReadProcessMemory or WriteProcessMemory request was completed. (0x12B)
[0503/190424.182:ERROR:process_memory_win.cc(73)] ReadMemory at 0x4e54000 of 3992 bytes failed: Only part of a ReadProcessMemory or WriteProcessMemory request was completed. (0x12B)
[0503/190424.182:ERROR:process_memory_win.cc(73)] ReadMemory at 0x4e57000 of 3992 bytes failed: Only part of a ReadProcessMemory or WriteProcessMemory request was completed. (0x12B)
[0503/190424.183:ERROR:process_memory_win.cc(73)] ReadMemory at 0x4e5a000 of 3992 bytes failed: Only part of a ReadProcessMemory or WriteProcessMemory request was completed. (0x12B)
[0503/190424.183:ERROR:process_memory_win.cc(73)] ReadMemory at 0x4e5d000 of 3992 bytes failed: Only part of a ReadProcessMemory or WriteProcessMemory request was completed. (0x12B)
[0503/190424.183:ERROR:process_memory_win.cc(73)] ReadMemory at 0x54904b0 of 72 bytes failed: Only part of a ReadProcessMemory or WriteProcessMemory request was completed. (0x12B)
[0503/190424.183:ERROR:process_memory_win.cc(73)] ReadMemory at 0x5490af0 of 6252 bytes failed: Only part of a ReadProcessMemory or WriteProcessMemory request was completed. (0x12B)
[0503/190424.183:ERROR:process_memory_win.cc(73)] ReadMemory at 0x5492368 of 660 bytes failed: Only part of a ReadProcessMemory or WriteProcessMemory request was completed. (0x12B)
[0503/190424.184:ERROR:process_memory_win.cc(73)] ReadMemory at 0x549282c of 118 bytes failed: Only part of a ReadProcessMemory or WriteProcessMemory request was completed. (0x12B)
[0503/190424.184:ERROR:process_memory_win.cc(73)] ReadMemory at 0x54928a4 of 1018 bytes failed: Only part of a ReadProcessMemory or WriteProcessMemory request was completed. (0x12B)
[0503/190424.184:ERROR:process_memory_win.cc(73)] ReadMemory at 0x5492ca0 of 118 bytes failed: Only part of a ReadProcessMemory or WriteProcessMemory request was completed. (0x12B)
[0503/190424.185:ERROR:process_memory_win.cc(73)] ReadMemory at 0x5492d18 of 98 bytes failed: Only part of a ReadProcessMemory or WriteProcessMemory request was completed. (0x12B)
[0503/190424.185:ERROR:process_memory_win.cc(73)] ReadMemory at 0x54945f8 of 58 bytes failed: Only part of a ReadProcessMemory or WriteProcessMemory request was completed. (0x12B)
[0503/190424.185:ERROR:process_memory_win.cc(73)] ReadMemory at 0x54946e8 of 72 bytes failed: Only part of a ReadProcessMemory or WriteProcessMemory request was completed. (0x12B)
[0503/190424.185:ERROR:process_memory_win.cc(73)] ReadMemory at 0x54947d0 of 72 bytes failed: Only part of a ReadProcessMemory or WriteProcessMemory request was completed. (0x12B)
[0503/190424.185:ERROR:process_memory_win.cc(73)] ReadMemory at 0x54948d0 of 126 bytes failed: Only part of a ReadProcessMemory or WriteProcessMemory request was completed. (0x12B)
[0503/190424.185:ERROR:process_memory_win.cc(73)] ReadMemory at 0x5494c00 of 72 bytes failed: Only part of a ReadProcessMemory or WriteProcessMemory request was completed. (0x12B)
[0503/190424.186:ERROR:process_memory_win.cc(73)] ReadMemory at 0x5494ce8 of 64 bytes failed: Only part of a ReadProcessMemory or WriteProcessMemory request was completed. (0x12B)
[0503/190424.186:ERROR:process_memory_win.cc(73)] ReadMemory at 0x5494df0 of 72 bytes failed: Only part of a ReadProcessMemory or WriteProcessMemory request was completed. (0x12B)
[0503/190424.186:ERROR:process_memory_win.cc(73)] ReadMemory at 0x5494ec8 of 60 bytes failed: Only part of a ReadProcessMemory or WriteProcessMemory request was completed. (0x12B)
[0503/190424.186:ERROR:process_memory_win.cc(73)] ReadMemory at 0x5494f60 of 72 bytes failed: Only part of a ReadProcessMemory or WriteProcessMemory request was completed. (0x12B)
[0503/190424.186:ERROR:process_memory_win.cc(73)] ReadMemory at 0x5495048 of 68 bytes failed: Only part of a ReadProcessMemory or WriteProcessMemory request was completed. (0x12B)
[0503/190424.186:ERROR:process_memory_win.cc(73)] ReadMemory at 0x5495c28 of 72 bytes failed: Only part of a ReadProcessMemory or WriteProcessMemory request was completed. (0x12B)
[0503/190424.187:ERROR:process_memory_win.cc(73)] ReadMemory at 0x5498c98 of 154 bytes failed: Only part of a ReadProcessMemory or WriteProcessMemory request was completed. (0x12B)
[0503/190424.187:ERROR:process_memory_win.cc(73)] ReadMemory at 0x54996c0 of 66 bytes failed: Only part of a ReadProcessMemory or WriteProcessMemory request was completed. (0x12B)
[0503/190424.187:ERROR:process_memory_win.cc(73)] ReadMemory at 0x5499768 of 62 bytes failed: Only part of a ReadProcessMemory or WriteProcessMemory request was completed. (0x12B)
[0503/190424.187:ERROR:process_memory_win.cc(73)] ReadMemory at 0x5499840 of 72 bytes failed: Only part of a ReadProcessMemory or WriteProcessMemory request was completed. (0x12B)
[0503/190424.187:ERROR:process_memory_win.cc(73)] ReadMemory at 0x5499928 of 60 bytes failed: Only part of a ReadProcessMemory or WriteProcessMemory request was completed. (0x12B)
[0503/190424.187:ERROR:process_memory_win.cc(73)] ReadMemory at 0x5499970 of 80 bytes failed: Only part of a ReadProcessMemory or WriteProcessMemory request was completed. (0x12B)
[0503/190424.188:ERROR:process_memory_win.cc(73)] ReadMemory at 0x549cad0 of 72 bytes failed: Only part of a ReadProcessMemory or WriteProcessMemory request was completed. (0x12B)
[0503/190424.188:ERROR:process_memory_win.cc(73)] ReadMemory at 0x549e1c8 of 78 bytes failed: Only part of a ReadProcessMemory or WriteProcessMemory request was completed. (0x12B)
[0503/190424.188:ERROR:process_memory_win.cc(73)] ReadMemory at 0x549e220 of 66 bytes failed: Only part of a ReadProcessMemory or WriteProcessMemory request was completed. (0x12B)
[0503/190424.188:ERROR:process_memory_win.cc(73)] ReadMemory at 0x549e270 of 80 bytes failed: Only part of a ReadProcessMemory or WriteProcessMemory request was completed. (0x12B)
[0503/190424.188:ERROR:process_memory_win.cc(73)] ReadMemory at 0x549f528 of 72 bytes failed: Only part of a ReadProcessMemory or WriteProcessMemory request was completed. (0x12B)
[0503/190424.188:ERROR:process_memory_win.cc(73)] ReadMemory at 0x549f678 of 72 bytes failed: Only part of a ReadProcessMemory or WriteProcessMemory request was completed. (0x12B)
[0503/190424.189:ERROR:process_memory_win.cc(73)] ReadMemory at 0x549f920 of 72 bytes failed: Only part of a ReadProcessMemory or WriteProcessMemory request was completed. (0x12B)
[0503/190424.189:ERROR:process_memory_win.cc(73)] ReadMemory at 0x549f9d0 of 72 bytes failed: Only part of a ReadProcessMemory or WriteProcessMemory request was completed. (0x12B)
[0503/190424.189:ERROR:process_memory_win.cc(73)] ReadMemory at 0x549fb00 of 72 bytes failed: Only part of a ReadProcessMemory or WriteProcessMemory request was completed. (0x12B)
[0503/190424.189:ERROR:process_memory_win.cc(73)] ReadMemory at 0x549fd28 of 72 bytes failed: Only part of a ReadProcessMemory or WriteProcessMemory request was completed. (0x12B)
[0503/190424.189:ERROR:process_memory_win.cc(73)] ReadMemory at 0x549fdd8 of 64 bytes failed: Only part of a ReadProcessMemory or WriteProcessMemory request was completed. (0x12B)
[0503/190424.189:ERROR:process_memory_win.cc(73)] ReadMemory at 0x54a21d0 of 54 bytes failed: Only part of a ReadProcessMemory or WriteProcessMemory request was completed. (0x12B)
[0503/190424.190:ERROR:process_memory_win.cc(73)] ReadMemory at 0x54a3148 of 64 bytes failed: Only part of a ReadProcessMemory or WriteProcessMemory request was completed. (0x12B)
[0503/190424.190:ERROR:process_memory_win.cc(73)] ReadMemory at 0x54a3258 of 62 bytes failed: Only part of a ReadProcessMemory or WriteProcessMemory request was completed. (0x12B)
[0503/190424.190:ERROR:process_memory_win.cc(73)] ReadMemory at 0x54a33c0 of 62 bytes failed: Only part of a ReadProcessMemory or WriteProcessMemory request was completed. (0x12B)
[0503/190424.190:ERROR:process_memory_win.cc(73)] ReadMemory at 0x54a3408 of 60 bytes failed: Only part of a ReadProcessMemory or WriteProcessMemory request was completed. (0x12B)
[0503/190424.190:ERROR:process_memory_win.cc(73)] ReadMemory at 0x54a3570 of 58 bytes failed: Only part of a ReadProcessMemory or WriteProcessMemory request was completed. (0x12B)
[0503/190424.190:ERROR:process_memory_win.cc(73)] ReadMemory at 0x54a3600 of 62 bytes failed: Only part of a ReadProcessMemory or WriteProcessMemory request was completed. (0x12B)
[0503/190424.190:ERROR:process_memory_win.cc(73)] ReadMemory at 0x54a3648 of 62 bytes failed: Only part of a ReadProcessMemory or WriteProcessMemory request was completed. (0x12B)
[0503/190424.191:ERROR:process_memory_win.cc(73)] ReadMemory at 0x54a3690 of 58 bytes failed: Only part of a ReadProcessMemory or WriteProcessMemory request was completed. (0x12B)
[0503/190424.191:ERROR:process_memory_win.cc(73)] ReadMemory at 0x54a36d8 of 60 bytes failed: Only part of a ReadProcessMemory or WriteProcessMemory request was completed. (0x12B)
[0503/190424.191:ERROR:process_memory_win.cc(73)] ReadMemory at 0x54a3720 of 62 bytes failed: Only part of a ReadProcessMemory or WriteProcessMemory request was completed. (0x12B)
[0503/190424.191:ERROR:process_memory_win.cc(73)] ReadMemory at 0x54a3768 of 62 bytes failed: Only part of a ReadProcessMemory or WriteProcessMemory request was completed. (0x12B)
[0503/190424.191:ERROR:process_memory_win.cc(73)] ReadMemory at 0x54a37b0 of 60 bytes failed: Only part of a ReadProcessMemory or WriteProcessMemory request was completed. (0x12B)
[0503/190424.192:ERROR:process_memory_win.cc(73)] ReadMemory at 0x54a3840 of 60 bytes failed: Only part of a ReadProcessMemory or WriteProcessMemory request was completed. (0x12B)
[0503/190424.192:ERROR:process_memory_win.cc(73)] ReadMemory at 0x54a3888 of 60 bytes failed: Only part of a ReadProcessMemory or WriteProcessMemory request was completed. (0x12B)
[0503/190424.192:ERROR:process_memory_win.cc(73)] ReadMemory at 0x54a38d0 of 60 bytes failed: Only part of a ReadProcessMemory or WriteProcessMemory request was completed. (0x12B)
[0503/190424.200:ERROR:process_memory_win.cc(73)] ReadMemory at 0x54a3918 of 62 bytes failed: Only part of a ReadProcessMemory or WriteProcessMemory request was completed. (0x12B)
[0503/190424.200:ERROR:process_memory_win.cc(73)] ReadMemory at 0x54a3960 of 60 bytes failed: Only part of a ReadProcessMemory or WriteProcessMemory request was completed. (0x12B)
[0503/190424.200:ERROR:process_memory_win.cc(73)] ReadMemory at 0x54a3a38 of 64 bytes failed: Only part of a ReadProcessMemory or WriteProcessMemory request was completed. (0x12B)
[0503/190424.200:ERROR:process_memory_win.cc(73)] ReadMemory at 0x54a6318 of 72 bytes failed: Only part of a ReadProcessMemory or WriteProcessMemory request was completed. (0x12B)
[0503/190424.200:ERROR:process_memory_win.cc(73)] ReadMemory at 0x54a63c8 of 72 bytes failed: Only part of a ReadProcessMemory or WriteProcessMemory request was completed. (0x12B)
[0503/190424.201:ERROR:process_memory_win.cc(73)] ReadMemory at 0x54a6478 of 72 bytes failed: Only part of a ReadProcessMemory or WriteProcessMemory request was completed. (0x12B)
[0503/190424.201:ERROR:process_memory_win.cc(73)] ReadMemory at 0x54a6528 of 72 bytes failed: Only part of a ReadProcessMemory or WriteProcessMemory request was completed. (0x12B)
[0503/190424.201:ERROR:process_memory_win.cc(73)] ReadMemory at 0x54a65d8 of 72 bytes failed: Only part of a ReadProcessMemory or WriteProcessMemory request was completed. (0x12B)
[0503/190424.202:ERROR:process_memory_win.cc(73)] ReadMemory at 0x54a6688 of 72 bytes failed: Only part of a ReadProcessMemory or WriteProcessMemory request was completed. (0x12B)
[0503/190424.202:ERROR:process_memory_win.cc(73)] ReadMemory at 0x54a6738 of 72 bytes failed: Only part of a ReadProcessMemory or WriteProcessMemory request was completed. (0x12B)
[0503/190424.202:ERROR:process_memory_win.cc(73)] ReadMemory at 0x54a67e8 of 72 bytes failed: Only part of a ReadProcessMemory or WriteProcessMemory request was completed. (0x12B)
[0503/190424.202:ERROR:process_memory_win.cc(73)] ReadMemory at 0x54a6898 of 72 bytes failed: Only part of a ReadProcessMemory or WriteProcessMemory request was completed. (0x12B)
[0503/190424.202:ERROR:process_memory_win.cc(73)] ReadMemory at 0x54a69f8 of 72 bytes failed: Only part of a ReadProcessMemory or WriteProcessMemory request was completed. (0x12B)
[0503/190424.202:ERROR:process_memory_win.cc(73)] ReadMemory at 0x54a6aa8 of 72 bytes failed: Only part of a ReadProcessMemory or WriteProcessMemory request was completed. (0x12B)
[0503/190424.203:ERROR:process_memory_win.cc(73)] ReadMemory at 0x54a6b58 of 72 bytes failed: Only part of a ReadProcessMemory or WriteProcessMemory request was completed. (0x12B)
[0503/190424.203:ERROR:process_memory_win.cc(73)] ReadMemory at 0x54a6cb8 of 72 bytes failed: Only part of a ReadProcessMemory or WriteProcessMemory request was completed. (0x12B)
[0503/190424.203:ERROR:process_memory_win.cc(73)] ReadMemory at 0x54a6d68 of 72 bytes failed: Only part of a ReadProcessMemory or WriteProcessMemory request was completed. (0x12B)
[0503/190424.204:ERROR:process_memory_win.cc(73)] ReadMemory at 0x54a6e18 of 72 bytes failed: Only part of a ReadProcessMemory or WriteProcessMemory request was completed. (0x12B)
[0503/190424.204:ERROR:process_memory_win.cc(73)] ReadMemory at 0x54a6ec8 of 72 bytes failed: Only part of a ReadProcessMemory or WriteProcessMemory request was completed. (0x12B)
[0503/190424.204:ERROR:process_memory_win.cc(73)] ReadMemory at 0x54a6f78 of 72 bytes failed: Only part of a ReadProcessMemory or WriteProcessMemory request was completed. (0x12B)
[0503/190424.204:ERROR:process_memory_win.cc(73)] ReadMemory at 0x54a7028 of 72 bytes failed: Only part of a ReadProcessMemory or WriteProcessMemory request was completed. (0x12B)
[0503/190424.204:ERROR:process_memory_win.cc(73)] ReadMemory at 0x54a70d8 of 72 bytes failed: Only part of a ReadProcessMemory or WriteProcessMemory request was completed. (0x12B)
[0503/190424.204:ERROR:process_memory_win.cc(73)] ReadMemory at 0x54a7188 of 72 bytes failed: Only part of a ReadProcessMemory or WriteProcessMemory request was completed. (0x12B)
[0503/190424.204:ERROR:process_memory_win.cc(73)] ReadMemory at 0x54a7238 of 72 bytes failed: Only part of a ReadProcessMemory or WriteProcessMemory request was completed. (0x12B)
[0503/190424.205:ERROR:process_memory_win.cc(73)] ReadMemory at 0x54a77b0 of 560 bytes failed: Only part of a ReadProcessMemory or WriteProcessMemory request was completed. (0x12B)
[0503/190424.205:ERROR:process_memory_win.cc(73)] ReadMemory at 0x54a7e00 of 66 bytes failed: Only part of a ReadProcessMemory or WriteProcessMemory request was completed. (0x12B)
[0503/190424.205:ERROR:process_memory_win.cc(73)] ReadMemory at 0x54a7fb8 of 76 bytes failed: Only part of a ReadProcessMemory or WriteProcessMemory request was completed. (0x12B)
[0503/190424.205:ERROR:process_memory_win.cc(73)] ReadMemory at 0x54ad690 of 62 bytes failed: Only part of a ReadProcessMemory or WriteProcessMemory request was completed. (0x12B)
[0503/190424.206:ERROR:process_memory_win.cc(73)] ReadMemory at 0x54ad8d0 of 62 bytes failed: Only part of a ReadProcessMemory or WriteProcessMemory request was completed. (0x12B)
[0503/190424.206:ERROR:process_memory_win.cc(73)] ReadMemory at 0x54ad960 of 62 bytes failed: Only part of a ReadProcessMemory or WriteProcessMemory request was completed. (0x12B)
[0503/190424.206:ERROR:process_memory_win.cc(73)] ReadMemory at 0x54adb58 of 62 bytes failed: Only part of a ReadProcessMemory or WriteProcessMemory request was completed. (0x12B)
[0503/190424.206:ERROR:process_memory_win.cc(73)] ReadMemory at 0x54adba0 of 60 bytes failed: Only part of a ReadProcessMemory or WriteProcessMemory request was completed. (0x12B)
[0503/190424.206:ERROR:process_memory_win.cc(73)] ReadMemory at 0x54adbe8 of 62 bytes failed: Only part of a ReadProcessMemory or WriteProcessMemory request was completed. (0x12B)
[0503/190424.207:ERROR:process_memory_win.cc(73)] ReadMemory at 0x54adc30 of 60 bytes failed: Only part of a ReadProcessMemory or WriteProcessMemory request was completed. (0x12B)
[0503/190424.207:ERROR:process_memory_win.cc(73)] ReadMemory at 0x54ae260 of 62 bytes failed: Only part of a ReadProcessMemory or WriteProcessMemory request was completed. (0x12B)
[0503/190424.207:ERROR:process_memory_win.cc(73)] ReadMemory at 0x54ae458 of 58 bytes failed: Only part of a ReadProcessMemory or WriteProcessMemory request was completed. (0x12B)
[0503/190424.207:ERROR:process_memory_win.cc(73)] ReadMemory at 0x54ae530 of 60 bytes failed: Only part of a ReadProcessMemory or WriteProcessMemory request was completed. (0x12B)
[0503/190424.207:ERROR:process_memory_win.cc(73)] ReadMemory at 0x54ae578 of 58 bytes failed: Only part of a ReadProcessMemory or WriteProcessMemory request was completed. (0x12B)
[0503/190424.208:ERROR:process_memory_win.cc(73)] ReadMemory at 0x54b36d0 of 64 bytes failed: Only part of a ReadProcessMemory or WriteProcessMemory request was completed. (0x12B)
[0503/190424.208:ERROR:process_memory_win.cc(73)] ReadMemory at 0x54b3720 of 64 bytes failed: Only part of a ReadProcessMemory or WriteProcessMemory request was completed. (0x12B)
[0503/190424.208:ERROR:process_memory_win.cc(73)] ReadMemory at 0x54b37c0 of 64 bytes failed: Only part of a ReadProcessMemory or WriteProcessMemory request was completed. (0x12B)
[0503/190424.208:ERROR:process_memory_win.cc(73)] ReadMemory at 0x54b39a0 of 64 bytes failed: Only part of a ReadProcessMemory or WriteProcessMemory request was completed. (0x12B)
[0503/190424.214:ERROR:process_memory_win.cc(73)] ReadMemory at 0x54b3a90 of 64 bytes failed: Only part of a ReadProcessMemory or WriteProcessMemory request was completed. (0x12B)
[0503/190424.214:ERROR:process_memory_win.cc(73)] ReadMemory at 0x54b3bd0 of 66 bytes failed: Only part of a ReadProcessMemory or WriteProcessMemory request was completed. (0x12B)
[0503/190424.215:ERROR:process_memory_win.cc(73)] ReadMemory at 0x54b46a8 of 72 bytes failed: Only part of a ReadProcessMemory or WriteProcessMemory request was completed. (0x12B)
[0503/190424.215:ERROR:process_memory_win.cc(73)] ReadMemory at 0x54b4808 of 72 bytes failed: Only part of a ReadProcessMemory or WriteProcessMemory request was completed. (0x12B)
[0503/190424.216:ERROR:process_memory_win.cc(73)] ReadMemory at 0x54b4ac8 of 72 bytes failed: Only part of a ReadProcessMemory or WriteProcessMemory request was completed. (0x12B)
[0503/190424.216:ERROR:process_memory_win.cc(73)] ReadMemory at 0x54b4b78 of 72 bytes failed: Only part of a ReadProcessMemory or WriteProcessMemory request was completed. (0x12B)
[0503/190424.216:ERROR:process_memory_win.cc(73)] ReadMemory at 0x54b4d88 of 72 bytes failed: Only part of a ReadProcessMemory or WriteProcessMemory request was completed. (0x12B)
[0503/190424.216:ERROR:process_memory_win.cc(73)] ReadMemory at 0x54b4ee8 of 72 bytes failed: Only part of a ReadProcessMemory or WriteProcessMemory request was completed. (0x12B)
[0503/190424.217:ERROR:process_memory_win.cc(73)] ReadMemory at 0x54b5048 of 72 bytes failed: Only part of a ReadProcessMemory or WriteProcessMemory request was completed. (0x12B)
[0503/190424.217:ERROR:process_memory_win.cc(73)] ReadMemory at 0x54b50f8 of 72 bytes failed: Only part of a ReadProcessMemory or WriteProcessMemory request was completed. (0x12B)
[0503/190424.217:ERROR:process_memory_win.cc(73)] ReadMemory at 0x54b51a8 of 72 bytes failed: Only part of a ReadProcessMemory or WriteProcessMemory request was completed. (0x12B)
[0503/190424.217:ERROR:process_memory_win.cc(73)] ReadMemory at 0x54b5258 of 72 bytes failed: Only part of a ReadProcessMemory or WriteProcessMemory request was completed. (0x12B)
[0503/190424.217:ERROR:process_memory_win.cc(73)] ReadMemory at 0x54b5308 of 72 bytes failed: Only part of a ReadProcessMemory or WriteProcessMemory request was completed. (0x12B)
[0503/190424.218:ERROR:process_memory_win.cc(73)] ReadMemory at 0x54b53b8 of 72 bytes failed: Only part of a ReadProcessMemory or WriteProcessMemory request was completed. (0x12B)
[0503/190424.218:ERROR:process_memory_win.cc(73)] ReadMemory at 0x54b5468 of 72 bytes failed: Only part of a ReadProcessMemory or WriteProcessMemory request was completed. (0x12B)
[0503/190424.218:ERROR:process_memory_win.cc(73)] ReadMemory at 0x54b5518 of 72 bytes failed: Only part of a ReadProcessMemory or WriteProcessMemory request was completed. (0x12B)
[0503/190424.218:ERROR:process_memory_win.cc(73)] ReadMemory at 0x54b5728 of 72 bytes failed: Only part of a ReadProcessMemory or WriteProcessMemory request was completed. (0x12B)
[0503/190424.218:ERROR:process_memory_win.cc(73)] ReadMemory at 0x54b57d8 of 72 bytes failed: Only part of a ReadProcessMemory or WriteProcessMemory request was completed. (0x12B)
[0503/190424.219:ERROR:process_memory_win.cc(73)] ReadMemory at 0x54b5888 of 72 bytes failed: Only part of a ReadProcessMemory or WriteProcessMemory request was completed. (0x12B)
[0503/190424.219:ERROR:process_memory_win.cc(73)] ReadMemory at 0x54b5938 of 72 bytes failed: Only part of a ReadProcessMemory or WriteProcessMemory request was completed. (0x12B)
[0503/190424.219:ERROR:process_memory_win.cc(73)] ReadMemory at 0x54bd5e8 of 146 bytes failed: Only part of a ReadProcessMemory or WriteProcessMemory request was completed. (0x12B)
[0503/190424.219:ERROR:process_memory_win.cc(73)] ReadMemory at 0x55d3aa8 of 528 bytes failed: Only part of a ReadProcessMemory or WriteProcessMemory request was completed. (0x12B)
[0503/190424.219:ERROR:process_memory_win.cc(73)] ReadMemory at 0x55d8740 of 600 bytes failed: Only part of a ReadProcessMemory or WriteProcessMemory request was completed. (0x12B)
[0503/190424.219:ERROR:process_memory_win.cc(73)] ReadMemory at 0x8317974 of 512 bytes failed: Only part of a ReadProcessMemory or WriteProcessMemory request was completed. (0x12B)
[0503/190424.220:ERROR:process_memory_win.cc(73)] ReadMemory at 0x74de4112 of 512 bytes failed: Only part of a ReadProcessMemory or WriteProcessMemory request was completed. (0x12B)
[0503/190424.220:ERROR:process_memory_win.cc(73)] ReadMemory at 0x751b19e0 of 512 bytes failed: Only part of a ReadProcessMemory or WriteProcessMemory request was completed. (0x12B)
[0503/190424.220:ERROR:process_memory_win.cc(73)] ReadMemory at 0x774e9270 of 18 bytes failed: Only part of a ReadProcessMemory or WriteProcessMemory request was completed. (0x12B)
[0503/190424.220:ERROR:process_memory_win.cc(73)] ReadMemory at 0x775363d0 of 512 bytes failed: Only part of a ReadProcessMemory or WriteProcessMemory request was completed. (0x12B)
[0503/190424.220:ERROR:process_memory_win.cc(73)] ReadMemory at 0x77551dbc of 592 bytes failed: Only part of a ReadProcessMemory or WriteProcessMemory request was completed. (0x12B)
[0503/190424.221:ERROR:process_memory_win.cc(73)] ReadMemory at 0x775520dc of 512 bytes failed: Only part of a ReadProcessMemory or WriteProcessMemory request was completed. (0x12B)
[0503/190424.221:ERROR:process_memory_win.cc(73)] ReadMemory at 0x77553a3c of 560 bytes failed: Only part of a ReadProcessMemory or WriteProcessMemory request was completed. (0x12B)
[0503/190424.221:ERROR:process_memory_win.cc(73)] ReadMemory at 0x775fb3d0 of 24 bytes failed: Only part of a ReadProcessMemory or WriteProcessMemory request was completed. (0x12B)
[0503/190424.221:ERROR:process_memory_win.cc(73)] ReadMemory at 0x775fb76c of 32 bytes failed: Only part of a ReadProcessMemory or WriteProcessMemory request was completed. (0x12B)
[0503/190424.221:ERROR:process_memory_win.cc(73)] ReadMemory at 0x775fdca0 of 36 bytes failed: Only part of a ReadProcessMemory or WriteProcessMemory request was completed. (0x12B)
[0503/190424.232:ERROR:scoped_process_suspend.cc(40)] NtResumeProcess: An attempt was made to access an exiting process. (0xc000010a)
